<?xml version="1.0" encoding="UTF-8"?>
<!-- Generated by org.testng.reporters.JUnitXMLReporter -->
<testsuite ignored="1" hostname="DESKTOP-J0IH0I7" failures="0" tests="1" name="PlaceOrderTest" time="0.215" errors="0" timestamp="2023-09-20T18:06:18 IST">
  <testcase classname="org.appiumpractice.tests.BaseTest" name="@BeforeClass configureAppium" time="0.079">
    <failure type="java.lang.AbstractMethodError" message="Receiver class io.appium.java_client.service.local.AppiumServiceBuilder does not define or inherit an implementation of the resolved method abstract loadSystemProperties()V of abstract class org.openqa.selenium.remote.service.DriverService$Builder.">
      <![CDATA[java.lang.AbstractMethodError: Receiver class io.appium.java_client.service.local.AppiumServiceBuilder does not define or inherit an implementation of the resolved method abstract loadSystemProperties()V of abstract class org.openqa.selenium.remote.service.DriverService$Builder.
at org.openqa.selenium.remote.service.DriverService$Builder.build(DriverService.java:489)
at org.appiumpractice.tests.BaseTest.configureAppium(BaseTest.java:44)
at java.base/java.util.ArrayList.forEach(ArrayList.java:1540)
... Removed 25 stack frames]]>
    </failure>
  </testcase> <!-- @BeforeClass configureAppium -->
  <testcase classname="org.appiumpractice.tests.BaseTest" name="@AfterClass tearDown" time="0.0">
    <failure type="java.lang.NullPointerException">
      <![CDATA[java.lang.NullPointerException
at org.appiumpractice.tests.BaseTest.tearDown(BaseTest.java:64)
at java.base/java.util.ArrayList.forEach(ArrayList.java:1540)
... Removed 25 stack frames]]>
    </failure>
  </testcase> <!-- @AfterClass tearDown -->
  <testcase classname="org.appiumpractice.tests.PlaceOrder2" name="placeNewOrder" time="0.0">
    <skipped/>
  </testcase> <!-- placeNewOrder -->
  <testcase classname="org.appiumpractice.tests.PlaceOrder" name="placeNewOrder" time="0.0">
    <ignored/>
  </testcase> <!-- placeNewOrder -->
</testsuite> <!-- PlaceOrderTest -->
